<?xml version="1.0" encoding="UTF-8"?>
<coverage generated="1594459337606" clover="4.4.1">
   <project name="Chef 0.0.1-SNAPSHOT" timestamp="1594459335919">
      <metrics coveredelements="2" complexity="203" loc="814" methods="61" classes="11" statements="393" packages="1" coveredconditionals="0" coveredmethods="1" elements="640" ncloc="716" files="8" conditionals="186" coveredstatements="1"/>
      <package name="net.mooctest">
         <metrics coveredelements="2" complexity="203" loc="814" methods="61" classes="11" statements="393" coveredconditionals="0" coveredmethods="1" elements="640" ncloc="716" files="8" conditionals="186" coveredstatements="1"/>
         <file path="/home/rtcp/Desktop/node/programs/Chef_1542162536437/src/main/java/net/mooctest/Chef.java" name="Chef.java">
            <metrics coveredelements="0" coveredconditionals="0" complexity="31" loc="108" coveredmethods="0" methods="5" elements="109" classes="1" ncloc="98" statements="72" conditionals="32" coveredstatements="0"/>
            <class name="Chef">
               <metrics coveredelements="0" coveredconditionals="0" complexity="31" coveredmethods="0" methods="5" elements="109" statements="72" conditionals="32" coveredstatements="0"/>
            </class>
            <line complexity="17" visibility="public" signature="Chef(String)" num="13" count="0" type="method"/>
            <line num="14" count="0" type="stmt"/>
            <line num="16" count="0" type="stmt"/>
            <line num="17" count="0" type="stmt"/>
            <line num="18" count="0" type="stmt"/>
            <line num="19" count="0" type="stmt"/>
            <line num="20" count="0" type="stmt"/>
            <line num="21" count="0" type="stmt"/>
            <line falsecount="0" truecount="0" num="21" type="cond"/>
            <line num="22" count="0" type="stmt"/>
            <line num="23" count="0" type="stmt"/>
            <line falsecount="0" truecount="0" num="23" type="cond"/>
            <line num="24" count="0" type="stmt"/>
            <line falsecount="0" truecount="0" num="24" type="cond"/>
            <line num="25" count="0" type="stmt"/>
            <line num="26" count="0" type="stmt"/>
            <line num="27" count="0" type="stmt"/>
            <line num="29" count="0" type="stmt"/>
            <line falsecount="0" truecount="0" num="29" type="cond"/>
            <line num="30" count="0" type="stmt"/>
            <line falsecount="0" truecount="0" num="30" type="cond"/>
            <line num="31" count="0" type="stmt"/>
            <line num="32" count="0" type="stmt"/>
            <line num="33" count="0" type="stmt"/>
            <line num="35" count="0" type="stmt"/>
            <line falsecount="0" truecount="0" num="35" type="cond"/>
            <line num="36" count="0" type="stmt"/>
            <line falsecount="0" truecount="0" num="36" type="cond"/>
            <line num="37" count="0" type="stmt"/>
            <line num="38" count="0" type="stmt"/>
            <line num="39" count="0" type="stmt"/>
            <line num="41" count="0" type="stmt"/>
            <line falsecount="0" truecount="0" num="41" type="cond"/>
            <line num="42" count="0" type="stmt"/>
            <line falsecount="0" truecount="0" num="42" type="cond"/>
            <line num="43" count="0" type="stmt"/>
            <line num="44" count="0" type="stmt"/>
            <line num="45" count="0" type="stmt"/>
            <line num="47" count="0" type="stmt"/>
            <line falsecount="0" truecount="0" num="47" type="cond"/>
            <line num="48" count="0" type="stmt"/>
            <line falsecount="0" truecount="0" num="48" type="cond"/>
            <line num="49" count="0" type="stmt"/>
            <line num="50" count="0" type="stmt"/>
            <line num="51" count="0" type="stmt"/>
            <line num="54" count="0" type="stmt"/>
            <line falsecount="0" truecount="0" num="54" type="cond"/>
            <line num="55" count="0" type="stmt"/>
            <line num="56" count="0" type="stmt"/>
            <line falsecount="0" truecount="0" num="56" type="cond"/>
            <line num="57" count="0" type="stmt"/>
            <line num="58" count="0" type="stmt"/>
            <line num="59" count="0" type="stmt"/>
            <line num="61" count="0" type="stmt"/>
            <line falsecount="0" truecount="0" num="61" type="cond"/>
            <line num="62" count="0" type="stmt"/>
            <line num="63" count="0" type="stmt"/>
            <line num="66" count="0" type="stmt"/>
            <line num="70" count="0" type="stmt"/>
            <line falsecount="0" truecount="0" num="70" type="cond"/>
            <line num="71" count="0" type="stmt"/>
            <line complexity="2" visibility="private" signature="parseTitle(String) : String" num="75" count="0" type="method"/>
            <line num="76" count="0" type="stmt"/>
            <line falsecount="0" truecount="0" num="76" type="cond"/>
            <line num="77" count="0" type="stmt"/>
            <line num="79" count="0" type="stmt"/>
            <line complexity="3" visibility="private" signature="structHint(int) : String" num="82" count="0" type="method"/>
            <line num="83" count="0" type="stmt"/>
            <line num="84" count="0" type="stmt"/>
            <line num="84" count="0" type="stmt"/>
            <line num="85" count="0" type="stmt"/>
            <line num="85" count="0" type="stmt"/>
            <line num="87" count="0" type="stmt"/>
            <line complexity="8" visibility="private" signature="progressToExpected(int) : String" num="90" count="0" type="method"/>
            <line num="91" count="0" type="stmt"/>
            <line num="92" count="0" type="stmt"/>
            <line num="92" count="0" type="stmt"/>
            <line num="93" count="0" type="stmt"/>
            <line num="93" count="0" type="stmt"/>
            <line num="94" count="0" type="stmt"/>
            <line num="94" count="0" type="stmt"/>
            <line num="95" count="0" type="stmt"/>
            <line num="95" count="0" type="stmt"/>
            <line num="96" count="0" type="stmt"/>
            <line num="96" count="0" type="stmt"/>
            <line num="97" count="0" type="stmt"/>
            <line num="97" count="0" type="stmt"/>
            <line num="98" count="0" type="stmt"/>
            <line num="98" count="0" type="stmt"/>
            <line num="100" count="0" type="stmt"/>
            <line complexity="1" visibility="public" signature="bake() : void" num="103" count="0" type="method"/>
            <line num="104" count="0" type="stmt"/>
            <line num="105" count="0" type="stmt"/>
         </file>
         <file path="/home/rtcp/Desktop/node/programs/Chef_1542162536437/src/main/java/net/mooctest/ChefException.java" name="ChefException.java">
            <metrics coveredelements="0" coveredconditionals="0" complexity="9" loc="43" coveredmethods="0" methods="6" elements="23" classes="1" ncloc="35" statements="11" conditionals="6" coveredstatements="0"/>
            <class name="ChefException">
               <metrics coveredelements="0" coveredconditionals="0" complexity="9" coveredmethods="0" methods="6" elements="23" statements="11" conditionals="6" coveredstatements="0"/>
            </class>
            <line complexity="1" visibility="public" signature="ChefException(int,String)" num="11" count="0" type="method"/>
            <line num="12" count="0" type="stmt"/>
            <line complexity="1" visibility="public" signature="ChefException(int,String[],String)" num="15" count="0" type="method"/>
            <line num="16" count="0" type="stmt"/>
            <line complexity="1" visibility="public" signature="ChefException(int,int,String,String)" num="19" count="0" type="method"/>
            <line num="20" count="0" type="stmt"/>
            <line complexity="1" visibility="public" signature="ChefException(int,Recipe,int,String,String)" num="23" count="0" type="method"/>
            <line num="25" count="0" type="stmt"/>
            <line complexity="2" visibility="private" signature="typeToText(int) : String" num="28" count="0" type="method"/>
            <line num="30" count="0" type="stmt"/>
            <line falsecount="0" truecount="0" num="30" type="cond"/>
            <line complexity="3" visibility="public" signature="arrayToString(Object[],String) : String" num="33" count="0" type="method"/>
            <line num="34" count="0" type="stmt"/>
            <line num="35" count="0" type="stmt"/>
            <line falsecount="0" truecount="0" num="35" type="cond"/>
            <line num="36" count="0" type="stmt"/>
            <line num="37" count="0" type="stmt"/>
            <line falsecount="0" truecount="0" num="37" type="cond"/>
            <line num="38" count="0" type="stmt"/>
            <line num="41" count="0" type="stmt"/>
         </file>
         <file path="/home/rtcp/Desktop/node/programs/Chef_1542162536437/src/main/java/net/mooctest/Component.java" name="Component.java">
            <metrics coveredelements="0" coveredconditionals="0" complexity="8" loc="44" coveredmethods="0" methods="8" elements="18" classes="1" ncloc="33" statements="10" conditionals="0" coveredstatements="0"/>
            <class name="Component">
               <metrics coveredelements="0" coveredconditionals="0" complexity="8" coveredmethods="0" methods="8" elements="18" statements="10" conditionals="0" coveredstatements="0"/>
            </class>
            <line complexity="1" visibility="public" signature="Component(int,Ingredient.State)" num="10" count="0" type="method"/>
            <line num="11" count="0" type="stmt"/>
            <line num="12" count="0" type="stmt"/>
            <line complexity="1" visibility="public" signature="Component(Ingredient)" num="15" count="0" type="method"/>
            <line num="16" count="0" type="stmt"/>
            <line num="17" count="0" type="stmt"/>
            <line complexity="1" visibility="public" signature="getValue() : int" num="20" count="0" type="method"/>
            <line num="21" count="0" type="stmt"/>
            <line complexity="1" visibility="public" signature="setValue(int) : void" num="24" count="0" type="method"/>
            <line num="25" count="0" type="stmt"/>
            <line complexity="1" visibility="public" signature="getState() : Ingredient.State" num="28" count="0" type="method"/>
            <line num="29" count="0" type="stmt"/>
            <line complexity="1" visibility="public" signature="setState(Ingredient.State) : void" num="32" count="0" type="method"/>
            <line num="33" count="0" type="stmt"/>
            <line complexity="1" visibility="public" signature="clone() : Component" num="36" count="0" type="method"/>
            <line num="38" count="0" type="stmt"/>
            <line complexity="1" visibility="public" signature="liquefy() : void" num="41" count="0" type="method"/>
            <line num="42" count="0" type="stmt"/>
         </file>
         <file path="/home/rtcp/Desktop/node/programs/Chef_1542162536437/src/main/java/net/mooctest/Container.java" name="Container.java">
            <metrics coveredelements="0" coveredconditionals="0" complexity="17" loc="73" coveredmethods="0" methods="12" elements="41" classes="1" ncloc="57" statements="21" conditionals="8" coveredstatements="0"/>
            <class name="Container">
               <metrics coveredelements="0" coveredconditionals="0" complexity="17" coveredmethods="0" methods="12" elements="41" statements="21" conditionals="8" coveredstatements="0"/>
            </class>
            <line complexity="1" visibility="public" signature="Container()" num="12" count="0" type="method"/>
            <line num="13" count="0" type="stmt"/>
            <line complexity="1" visibility="public" signature="Container(Container)" num="16" count="0" type="method"/>
            <line num="17" count="0" type="stmt"/>
            <line complexity="1" visibility="public" signature="push(Component) : void" num="20" count="0" type="method"/>
            <line num="21" count="0" type="stmt"/>
            <line complexity="1" visibility="public" signature="peek() : Component" num="24" count="0" type="method"/>
            <line num="25" count="0" type="stmt"/>
            <line complexity="2" visibility="public" signature="pop() : Component" num="28" count="0" type="method"/>
            <line num="29" count="0" type="stmt"/>
            <line falsecount="0" truecount="0" num="29" type="cond"/>
            <line num="30" count="0" type="stmt"/>
            <line num="31" count="0" type="stmt"/>
            <line complexity="1" visibility="public" signature="size() : int" num="34" count="0" type="method"/>
            <line num="35" count="0" type="stmt"/>
            <line complexity="1" visibility="public" signature="combine(Container) : void" num="38" count="0" type="method"/>
            <line num="39" count="0" type="stmt"/>
            <line complexity="1" visibility="public" signature="liquefy() : void" num="42" count="0" type="method"/>
            <line num="43" count="0" type="stmt"/>
            <line num="44" count="0" type="stmt"/>
            <line complexity="1" visibility="public" signature="clean() : void" num="47" count="0" type="method"/>
            <line num="48" count="0" type="stmt"/>
            <line complexity="3" visibility="public" signature="serve() : String" num="51" count="0" type="method"/>
            <line num="52" count="0" type="stmt"/>
            <line num="53" count="0" type="stmt"/>
            <line falsecount="0" truecount="0" num="53" type="cond"/>
            <line num="54" count="0" type="stmt"/>
            <line falsecount="0" truecount="0" num="54" type="cond"/>
            <line num="55" count="0" type="stmt"/>
            <line num="58" count="0" type="stmt"/>
            <line num="61" count="0" type="stmt"/>
            <line complexity="1" visibility="public" signature="shuffle() : void" num="64" count="0" type="method"/>
            <line num="65" count="0" type="stmt"/>
            <line complexity="3" visibility="public" signature="stir(int) : void" num="68" count="0" type="method"/>
            <line num="69" count="0" type="stmt"/>
            <line falsecount="0" truecount="0" num="69" type="cond"/>
            <line num="70" count="0" type="stmt"/>
         </file>
         <file path="/home/rtcp/Desktop/node/programs/Chef_1542162536437/src/main/java/net/mooctest/Ingredient.java" name="Ingredient.java">
            <metrics coveredelements="0" coveredconditionals="0" complexity="17" loc="80" coveredmethods="0" methods="9" elements="58" classes="2" ncloc="68" statements="33" conditionals="16" coveredstatements="0"/>
            <class name="Ingredient">
               <metrics coveredelements="0" coveredconditionals="0" complexity="17" coveredmethods="0" methods="9" elements="58" statements="33" conditionals="16" coveredstatements="0"/>
            </class>
            <class name="Ingredient.State">
               <metrics coveredelements="0" coveredconditionals="0" complexity="0" coveredmethods="0" methods="0" elements="0" statements="0" conditionals="0" coveredstatements="0"/>
            </class>
            <line complexity="9" visibility="public" signature="Ingredient(String)" num="13" count="0" type="method"/>
            <line num="14" count="0" type="stmt"/>
            <line num="15" count="0" type="stmt"/>
            <line num="16" count="0" type="stmt"/>
            <line num="17" count="0" type="stmt"/>
            <line falsecount="0" truecount="0" num="17" type="cond"/>
            <line num="19" count="0" type="stmt"/>
            <line num="20" count="0" type="stmt"/>
            <line num="21" count="0" type="stmt"/>
            <line falsecount="0" truecount="0" num="21" type="cond"/>
            <line num="22" count="0" type="stmt"/>
            <line num="23" count="0" type="stmt"/>
            <line num="25" count="0" type="stmt"/>
            <line falsecount="0" truecount="0" num="25" type="cond"/>
            <line num="26" count="0" type="stmt"/>
            <line num="27" count="0" type="stmt"/>
            <line num="29" count="0" type="stmt"/>
            <line falsecount="0" truecount="0" num="29" type="cond"/>
            <line num="30" count="0" type="stmt"/>
            <line num="31" count="0" type="stmt"/>
            <line num="33" count="0" type="stmt"/>
            <line falsecount="0" truecount="0" num="33" type="cond"/>
            <line num="34" count="0" type="stmt"/>
            <line num="37" count="0" type="stmt"/>
            <line num="38" count="0" type="stmt"/>
            <line falsecount="0" truecount="0" num="38" type="cond"/>
            <line num="39" count="0" type="stmt"/>
            <line falsecount="0" truecount="0" num="39" type="cond"/>
            <line num="40" count="0" type="stmt"/>
            <line num="42" count="0" type="stmt"/>
            <line falsecount="0" truecount="0" num="42" type="cond"/>
            <line num="43" count="0" type="stmt"/>
            <line complexity="1" visibility="public" signature="Ingredient(Integer,State,String)" num="47" count="0" type="method"/>
            <line num="48" count="0" type="stmt"/>
            <line num="49" count="0" type="stmt"/>
            <line num="50" count="0" type="stmt"/>
            <line complexity="1" visibility="public" signature="getAmount() : int" num="53" count="0" type="method"/>
            <line num="54" count="0" type="stmt"/>
            <line complexity="1" visibility="public" signature="setAmount(int) : void" num="57" count="0" type="method"/>
            <line num="58" count="0" type="stmt"/>
            <line complexity="1" visibility="public" signature="getstate() : State" num="61" count="0" type="method"/>
            <line num="62" count="0" type="stmt"/>
            <line complexity="1" visibility="public" signature="liquefy() : void" num="65" count="0" type="method"/>
            <line num="66" count="0" type="stmt"/>
            <line complexity="1" visibility="public" signature="dry() : void" num="69" count="0" type="method"/>
            <line num="70" count="0" type="stmt"/>
            <line complexity="1" visibility="public" signature="getName() : String" num="73" count="0" type="method"/>
            <line num="74" count="0" type="stmt"/>
            <line complexity="1" visibility="public" signature="setState(State) : void" num="77" count="0" type="method"/>
            <line num="78" count="0" type="stmt"/>
         </file>
         <file path="/home/rtcp/Desktop/node/programs/Chef_1542162536437/src/main/java/net/mooctest/Kitchen.java" name="Kitchen.java">
            <metrics coveredelements="0" coveredconditionals="0" complexity="71" loc="222" coveredmethods="0" methods="6" elements="218" classes="2" ncloc="207" statements="158" conditionals="54" coveredstatements="0"/>
            <class name="Kitchen">
               <metrics coveredelements="0" coveredconditionals="0" complexity="70" coveredmethods="0" methods="5" elements="214" statements="155" conditionals="54" coveredstatements="0"/>
            </class>
            <class name="Kitchen.LoopData">
               <metrics coveredelements="0" coveredconditionals="0" complexity="1" coveredmethods="0" methods="1" elements="4" statements="3" conditionals="0" coveredstatements="0"/>
            </class>
            <line complexity="1" visibility="public" signature="Kitchen(HashMap&lt;String, Recipe&gt;,Recipe)" num="19" count="0" type="method"/>
            <line num="20" count="0" type="stmt"/>
            <line complexity="13" visibility="public" signature="Kitchen(HashMap&lt;String, Recipe&gt;,Recipe,Container[],Container[])" num="23" count="0" type="method"/>
            <line num="25" count="0" type="stmt"/>
            <line num="27" count="0" type="stmt"/>
            <line num="28" count="0" type="stmt"/>
            <line num="29" count="0" type="stmt"/>
            <line num="30" count="0" type="stmt"/>
            <line falsecount="0" truecount="0" num="30" type="cond"/>
            <line num="31" count="0" type="stmt"/>
            <line num="32" count="0" type="stmt"/>
            <line falsecount="0" truecount="0" num="32" type="cond"/>
            <line num="33" count="0" type="stmt"/>
            <line num="35" count="0" type="stmt"/>
            <line falsecount="0" truecount="0" num="35" type="cond"/>
            <line num="36" count="0" type="stmt"/>
            <line falsecount="0" truecount="0" num="36" type="cond"/>
            <line num="37" count="0" type="stmt"/>
            <line falsecount="0" truecount="0" num="37" type="cond"/>
            <line num="38" count="0" type="stmt"/>
            <line num="39" count="0" type="stmt"/>
            <line falsecount="0" truecount="0" num="39" type="cond"/>
            <line num="40" count="0" type="stmt"/>
            <line num="41" count="0" type="stmt"/>
            <line falsecount="0" truecount="0" num="41" type="cond"/>
            <line num="42" count="0" type="stmt"/>
            <line falsecount="0" truecount="0" num="42" type="cond"/>
            <line num="43" count="0" type="stmt"/>
            <line num="46" count="0" type="stmt"/>
            <line falsecount="0" truecount="0" num="46" type="cond"/>
            <line num="47" count="0" type="stmt"/>
            <line falsecount="0" truecount="0" num="47" type="cond"/>
            <line num="48" count="0" type="stmt"/>
            <line complexity="50" visibility="public" signature="cook() : Container" num="53" count="0" type="method"/>
            <line num="54" count="0" type="stmt"/>
            <line num="55" count="0" type="stmt"/>
            <line num="56" count="0" type="stmt"/>
            <line num="57" count="0" type="stmt"/>
            <line num="58" count="0" type="stmt"/>
            <line num="59" count="0" type="stmt"/>
            <line num="60" count="0" type="stmt"/>
            <line num="61" count="0" type="stmt"/>
            <line falsecount="0" truecount="0" num="61" type="cond"/>
            <line num="62" count="0" type="stmt"/>
            <line num="63" count="0" type="stmt"/>
            <line num="64" count="0" type="stmt"/>
            <line num="65" count="0" type="stmt"/>
            <line num="66" count="0" type="stmt"/>
            <line num="67" count="0" type="stmt"/>
            <line num="68" count="0" type="stmt"/>
            <line num="69" count="0" type="stmt"/>
            <line num="70" count="0" type="stmt"/>
            <line num="71" count="0" type="stmt"/>
            <line num="72" count="0" type="stmt"/>
            <line num="73" count="0" type="stmt"/>
            <line num="74" count="0" type="stmt"/>
            <line falsecount="0" truecount="0" num="74" type="cond"/>
            <line num="75" count="0" type="stmt"/>
            <line num="77" count="0" type="stmt"/>
            <line num="78" count="0" type="stmt"/>
            <line num="79" count="0" type="stmt"/>
            <line num="80" count="0" type="stmt"/>
            <line num="81" count="0" type="stmt"/>
            <line num="82" count="0" type="stmt"/>
            <line num="83" count="0" type="stmt"/>
            <line num="84" count="0" type="stmt"/>
            <line num="85" count="0" type="stmt"/>
            <line falsecount="0" truecount="0" num="85" type="cond"/>
            <line num="86" count="0" type="stmt"/>
            <line num="87" count="0" type="stmt"/>
            <line num="88" count="0" type="stmt"/>
            <line num="89" count="0" type="stmt"/>
            <line num="90" count="0" type="stmt"/>
            <line num="91" count="0" type="stmt"/>
            <line num="92" count="0" type="stmt"/>
            <line num="93" count="0" type="stmt"/>
            <line num="94" count="0" type="stmt"/>
            <line num="95" count="0" type="stmt"/>
            <line num="96" count="0" type="stmt"/>
            <line num="97" count="0" type="stmt"/>
            <line num="98" count="0" type="stmt"/>
            <line num="99" count="0" type="stmt"/>
            <line num="100" count="0" type="stmt"/>
            <line num="101" count="0" type="stmt"/>
            <line num="102" count="0" type="stmt"/>
            <line num="103" count="0" type="stmt"/>
            <line num="104" count="0" type="stmt"/>
            <line num="105" count="0" type="stmt"/>
            <line num="106" count="0" type="stmt"/>
            <line num="107" count="0" type="stmt"/>
            <line num="108" count="0" type="stmt"/>
            <line num="109" count="0" type="stmt"/>
            <line num="110" count="0" type="stmt"/>
            <line falsecount="0" truecount="0" num="110" type="cond"/>
            <line num="111" count="0" type="stmt"/>
            <line num="112" count="0" type="stmt"/>
            <line num="113" count="0" type="stmt"/>
            <line num="114" count="0" type="stmt"/>
            <line num="115" count="0" type="stmt"/>
            <line num="116" count="0" type="stmt"/>
            <line num="117" count="0" type="stmt"/>
            <line num="118" count="0" type="stmt"/>
            <line num="119" count="0" type="stmt"/>
            <line num="120" count="0" type="stmt"/>
            <line num="121" count="0" type="stmt"/>
            <line num="122" count="0" type="stmt"/>
            <line num="123" count="0" type="stmt"/>
            <line num="124" count="0" type="stmt"/>
            <line num="125" count="0" type="stmt"/>
            <line num="126" count="0" type="stmt"/>
            <line num="127" count="0" type="stmt"/>
            <line num="128" count="0" type="stmt"/>
            <line num="129" count="0" type="stmt"/>
            <line num="130" count="0" type="stmt"/>
            <line num="131" count="0" type="stmt"/>
            <line num="132" count="0" type="stmt"/>
            <line num="133" count="0" type="stmt"/>
            <line num="134" count="0" type="stmt"/>
            <line num="135" count="0" type="stmt"/>
            <line num="136" count="0" type="stmt"/>
            <line num="137" count="0" type="stmt"/>
            <line falsecount="0" truecount="0" num="137" type="cond"/>
            <line num="138" count="0" type="stmt"/>
            <line falsecount="0" truecount="0" num="138" type="cond"/>
            <line num="139" count="0" type="stmt"/>
            <line num="140" count="0" type="stmt"/>
            <line falsecount="0" truecount="0" num="140" type="cond"/>
            <line num="141" count="0" type="stmt"/>
            <line num="142" count="0" type="stmt"/>
            <line falsecount="0" truecount="0" num="142" type="cond"/>
            <line num="143" count="0" type="stmt"/>
            <line num="144" count="0" type="stmt"/>
            <line num="147" count="0" type="stmt"/>
            <line num="148" count="0" type="stmt"/>
            <line num="149" count="0" type="stmt"/>
            <line num="150" count="0" type="stmt"/>
            <line falsecount="0" truecount="0" num="150" type="cond"/>
            <line num="151" count="0" type="stmt"/>
            <line num="152" count="0" type="stmt"/>
            <line falsecount="0" truecount="0" num="152" type="cond"/>
            <line num="153" count="0" type="stmt"/>
            <line num="154" count="0" type="stmt"/>
            <line num="155" count="0" type="stmt"/>
            <line num="156" count="0" type="stmt"/>
            <line num="157" count="0" type="stmt"/>
            <line falsecount="0" truecount="0" num="157" type="cond"/>
            <line num="158" count="0" type="stmt"/>
            <line num="160" count="0" type="stmt"/>
            <line num="161" count="0" type="stmt"/>
            <line num="163" count="0" type="stmt"/>
            <line num="164" count="0" type="stmt"/>
            <line falsecount="0" truecount="0" num="164" type="cond"/>
            <line num="165" count="0" type="stmt"/>
            <line num="166" count="0" type="stmt"/>
            <line num="167" count="0" type="stmt"/>
            <line num="168" count="0" type="stmt"/>
            <line num="169" count="0" type="stmt"/>
            <line num="170" count="0" type="stmt"/>
            <line num="171" count="0" type="stmt"/>
            <line falsecount="0" truecount="0" num="171" type="cond"/>
            <line num="172" count="0" type="stmt"/>
            <line num="173" count="0" type="stmt"/>
            <line num="174" count="0" type="stmt"/>
            <line num="175" count="0" type="stmt"/>
            <line num="176" count="0" type="stmt"/>
            <line num="177" count="0" type="stmt"/>
            <line num="178" count="0" type="stmt"/>
            <line num="180" count="0" type="stmt"/>
            <line num="182" count="0" type="stmt"/>
            <line falsecount="0" truecount="0" num="182" type="cond"/>
            <line num="183" count="0" type="stmt"/>
            <line num="184" count="0" type="stmt"/>
            <line falsecount="0" truecount="0" num="184" type="cond"/>
            <line num="185" count="0" type="stmt"/>
            <line num="186" count="0" type="stmt"/>
            <line complexity="3" visibility="private" signature="sameVerb(String,String) : boolean" num="189" count="0" type="method"/>
            <line num="190" count="0" type="stmt"/>
            <line falsecount="0" truecount="0" num="190" type="cond"/>
            <line num="191" count="0" type="stmt"/>
            <line num="192" count="0" type="stmt"/>
            <line num="193" count="0" type="stmt"/>
            <line num="194" count="0" type="stmt"/>
            <line num="195" count="0" type="stmt"/>
            <line complexity="1" visibility="public" signature="LoopData(int,int,String)" num="208" count="0" type="method"/>
            <line num="209" count="0" type="stmt"/>
            <line num="210" count="0" type="stmt"/>
            <line num="211" count="0" type="stmt"/>
            <line complexity="3" visibility="private" signature="serve(int) : void" num="216" count="0" type="method"/>
            <line num="217" count="0" type="stmt"/>
            <line falsecount="0" truecount="0" num="217" type="cond"/>
            <line num="218" count="0" type="stmt"/>
         </file>
         <file path="/home/rtcp/Desktop/node/programs/Chef_1542162536437/src/main/java/net/mooctest/Method.java" name="Method.java">
            <metrics coveredelements="0" coveredconditionals="0" complexity="33" loc="141" coveredmethods="0" methods="1" elements="125" classes="2" ncloc="134" statements="60" conditionals="64" coveredstatements="0"/>
            <class name="Method">
               <metrics coveredelements="0" coveredconditionals="0" complexity="33" coveredmethods="0" methods="1" elements="125" statements="60" conditionals="64" coveredstatements="0"/>
            </class>
            <class name="Method.Type">
               <metrics coveredelements="0" coveredconditionals="0" complexity="0" coveredmethods="0" methods="0" elements="0" statements="0" conditionals="0" coveredstatements="0"/>
            </class>
            <line complexity="33" visibility="public" signature="Method(String,int)" num="41" count="0" type="method"/>
            <line num="42" count="0" type="stmt"/>
            <line num="43" count="0" type="stmt"/>
            <line num="44" count="0" type="stmt"/>
            <line num="63" count="0" type="stmt"/>
            <line falsecount="0" truecount="0" num="63" type="cond"/>
            <line num="64" count="0" type="stmt"/>
            <line num="65" count="0" type="stmt"/>
            <line num="67" count="0" type="stmt"/>
            <line falsecount="0" truecount="0" num="67" type="cond"/>
            <line num="68" count="0" type="stmt"/>
            <line falsecount="0" truecount="0" num="68" type="cond"/>
            <line num="69" count="0" type="stmt"/>
            <line num="70" count="0" type="stmt"/>
            <line falsecount="0" truecount="0" num="70" type="cond"/>
            <line num="72" count="0" type="stmt"/>
            <line falsecount="0" truecount="0" num="72" type="cond"/>
            <line num="73" count="0" type="stmt"/>
            <line num="74" count="0" type="stmt"/>
            <line falsecount="0" truecount="0" num="74" type="cond"/>
            <line num="76" count="0" type="stmt"/>
            <line falsecount="0" truecount="0" num="76" type="cond"/>
            <line num="77" count="0" type="stmt"/>
            <line falsecount="0" truecount="0" num="77" type="cond"/>
            <line falsecount="0" truecount="0" num="77" type="cond"/>
            <line falsecount="0" truecount="0" num="77" type="cond"/>
            <line num="78" count="0" type="stmt"/>
            <line num="79" count="0" type="stmt"/>
            <line falsecount="0" truecount="0" num="79" type="cond"/>
            <line num="81" count="0" type="stmt"/>
            <line falsecount="0" truecount="0" num="81" type="cond"/>
            <line num="82" count="0" type="stmt"/>
            <line num="83" count="0" type="stmt"/>
            <line falsecount="0" truecount="0" num="83" type="cond"/>
            <line num="85" count="0" type="stmt"/>
            <line falsecount="0" truecount="0" num="85" type="cond"/>
            <line num="86" count="0" type="stmt"/>
            <line num="87" count="0" type="stmt"/>
            <line num="89" count="0" type="stmt"/>
            <line falsecount="0" truecount="0" num="89" type="cond"/>
            <line num="90" count="0" type="stmt"/>
            <line num="91" count="0" type="stmt"/>
            <line falsecount="0" truecount="0" num="91" type="cond"/>
            <line num="92" count="0" type="stmt"/>
            <line num="95" count="0" type="stmt"/>
            <line falsecount="0" truecount="0" num="95" type="cond"/>
            <line num="96" count="0" type="stmt"/>
            <line num="97" count="0" type="stmt"/>
            <line num="98" count="0" type="stmt"/>
            <line falsecount="0" truecount="0" num="98" type="cond"/>
            <line num="100" count="0" type="stmt"/>
            <line falsecount="0" truecount="0" num="100" type="cond"/>
            <line num="101" count="0" type="stmt"/>
            <line num="102" count="0" type="stmt"/>
            <line falsecount="0" truecount="0" num="102" type="cond"/>
            <line num="104" count="0" type="stmt"/>
            <line falsecount="0" truecount="0" num="104" type="cond"/>
            <line num="105" count="0" type="stmt"/>
            <line num="106" count="0" type="stmt"/>
            <line falsecount="0" truecount="0" num="106" type="cond"/>
            <line num="108" count="0" type="stmt"/>
            <line falsecount="0" truecount="0" num="108" type="cond"/>
            <line num="109" count="0" type="stmt"/>
            <line num="110" count="0" type="stmt"/>
            <line falsecount="0" truecount="0" num="110" type="cond"/>
            <line num="111" count="0" type="stmt"/>
            <line falsecount="0" truecount="0" num="111" type="cond"/>
            <line num="113" count="0" type="stmt"/>
            <line falsecount="0" truecount="0" num="113" type="cond"/>
            <line num="114" count="0" type="stmt"/>
            <line num="116" count="0" type="stmt"/>
            <line falsecount="0" truecount="0" num="116" type="cond"/>
            <line num="117" count="0" type="stmt"/>
            <line num="118" count="0" type="stmt"/>
            <line falsecount="0" truecount="0" num="118" type="cond"/>
            <line num="120" count="0" type="stmt"/>
            <line falsecount="0" truecount="0" num="120" type="cond"/>
            <line num="121" count="0" type="stmt"/>
            <line num="122" count="0" type="stmt"/>
            <line num="124" count="0" type="stmt"/>
            <line falsecount="0" truecount="0" num="124" type="cond"/>
            <line num="125" count="0" type="stmt"/>
            <line num="127" count="0" type="stmt"/>
            <line falsecount="0" truecount="0" num="127" type="cond"/>
            <line num="128" count="0" type="stmt"/>
            <line num="129" count="0" type="stmt"/>
            <line num="130" count="0" type="stmt"/>
            <line num="132" count="0" type="stmt"/>
            <line falsecount="0" truecount="0" num="132" type="cond"/>
            <line num="133" count="0" type="stmt"/>
            <line num="134" count="0" type="stmt"/>
            <line num="135" count="0" type="stmt"/>
            <line num="138" count="0" type="stmt"/>
         </file>
         <file path="/home/rtcp/Desktop/node/programs/Chef_1542162536437/src/main/java/net/mooctest/Recipe.java" name="Recipe.java">
            <metrics coveredelements="2" coveredconditionals="0" complexity="17" loc="103" coveredmethods="1" methods="14" elements="48" classes="1" ncloc="84" statements="28" conditionals="6" coveredstatements="1"/>
            <class name="Recipe">
               <metrics coveredelements="2" coveredconditionals="0" complexity="17" coveredmethods="1" methods="14" elements="48" statements="28" conditionals="6" coveredstatements="1"/>
            </class>
            <line complexity="1" visibility="public" signature="Recipe(String)" num="22" count="1" type="method"/>
            <line num="24" count="1" type="stmt"/>
            <line complexity="2" visibility="public" signature="setIngredients(String) : void" num="27" count="0" type="method"/>
            <line num="29" count="0" type="stmt"/>
            <line num="30" count="0" type="stmt"/>
            <line num="32" count="0" type="stmt"/>
            <line num="33" count="0" type="stmt"/>
            <line falsecount="0" truecount="0" num="33" type="cond"/>
            <line num="34" count="0" type="stmt"/>
            <line num="35" count="0" type="stmt"/>
            <line complexity="1" visibility="public" signature="setComments(String) : void" num="39" count="0" type="method"/>
            <line num="41" count="0" type="stmt"/>
            <line complexity="2" visibility="public" signature="setMethod(String) : void" num="44" count="0" type="method"/>
            <line num="46" count="0" type="stmt"/>
            <line num="47" count="0" type="stmt"/>
            <line num="48" count="0" type="stmt"/>
            <line num="49" count="0" type="stmt"/>
            <line num="51" count="0" type="stmt"/>
            <line num="52" count="0" type="stmt"/>
            <line falsecount="0" truecount="0" num="52" type="cond"/>
            <line num="53" count="0" type="stmt"/>
            <line complexity="1" visibility="public" signature="setCookingTime(String) : void" num="57" count="0" type="method"/>
            <line num="59" count="0" type="stmt"/>
            <line complexity="2" visibility="public" signature="setOvenTemp(String) : void" num="62" count="0" type="method"/>
            <line num="64" count="0" type="stmt"/>
            <line num="65" count="0" type="stmt"/>
            <line falsecount="0" truecount="0" num="65" type="cond"/>
            <line num="66" count="0" type="stmt"/>
            <line num="67" count="0" type="stmt"/>
            <line complexity="1" visibility="public" signature="setServes(String) : void" num="71" count="0" type="method"/>
            <line num="72" count="0" type="stmt"/>
            <line complexity="1" visibility="public" signature="getServes() : int" num="75" count="0" type="method"/>
            <line num="77" count="0" type="stmt"/>
            <line complexity="1" visibility="public" signature="getTitle() : String" num="80" count="0" type="method"/>
            <line num="81" count="0" type="stmt"/>
            <line complexity="1" visibility="public" signature="getIngredientValue(String) : int" num="84" count="0" type="method"/>
            <line num="85" count="0" type="stmt"/>
            <line complexity="1" visibility="public" signature="setIngredientValue(String,int) : void" num="88" count="0" type="method"/>
            <line num="89" count="0" type="stmt"/>
            <line complexity="1" visibility="public" signature="getMethod(int) : Method" num="92" count="0" type="method"/>
            <line num="93" count="0" type="stmt"/>
            <line complexity="1" visibility="public" signature="getMethods() : ArrayList&lt;Method&gt;" num="96" count="0" type="method"/>
            <line num="97" count="0" type="stmt"/>
            <line complexity="1" visibility="public" signature="getIngredients() : HashMap&lt;String,Ingredient&gt;" num="100" count="0" type="method"/>
            <line num="101" count="0" type="stmt"/>
         </file>
      </package>
   </project>
   <testproject name="Chef 0.0.1-SNAPSHOT" timestamp="1594459335919">
      <metrics coveredelements="2" complexity="1" loc="11" methods="1" classes="1" statements="1" packages="1" coveredconditionals="0" coveredmethods="1" elements="2" ncloc="8" files="1" conditionals="0" coveredstatements="1"/>
      <package name="net.mooctest">
         <metrics coveredelements="2" complexity="1" loc="11" methods="1" classes="1" statements="1" coveredconditionals="0" coveredmethods="1" elements="2" ncloc="8" files="1" conditionals="0" coveredstatements="1"/>
         <file path="/home/rtcp/Desktop/node/programs/Chef_1542162536437/src/test/java/net/mooctest/KitchenTest.java" name="KitchenTest.java">
            <metrics coveredelements="2" coveredconditionals="0" complexity="1" loc="11" coveredmethods="1" methods="1" elements="2" classes="1" ncloc="8" statements="1" conditionals="0" coveredstatements="1"/>
            <class name="KitchenTest">
               <metrics coveredelements="2" complexity="1" methods="1" testruns="1" statements="1" coveredconditionals="0" coveredmethods="1" elements="2" testfailures="0" testduration="0.006" conditionals="0" coveredstatements="1" testpasses="1"/>
            </class>
            <line complexity="1" visibility="public" signature="test() : void" num="7" testsuccess="true" count="1" testduration="0.006" type="method"/>
            <line num="9" count="1" type="stmt"/>
         </file>
      </package>
   </testproject>
</coverage>